Copyright 1986-2017 Xilinx, Inc. All Rights Reserved.
-----------------------------------------------------------------------------------------------------------------------------------------------------------------
| Tool Version : Vivado v.2017.3 (win64) Build 2018833 Wed Oct  4 19:58:22 MDT 2017
| Date         : Sun Dec  3 21:22:10 2017
| Host         : Jensen-Desktop running 64-bit major release  (build 9200)
| Command      : report_methodology -file Stopwatch_methodology_drc_routed.rpt -pb Stopwatch_methodology_drc_routed.pb -rpx Stopwatch_methodology_drc_routed.rpx
| Design       : Stopwatch
| Device       : xc7a35tcpg236-1
| Speed File   : -1
| Design State : Routed
-----------------------------------------------------------------------------------------------------------------------------------------------------------------

Report Methodology

Table of Contents
-----------------
1. REPORT SUMMARY
2. REPORT DETAILS

1. REPORT SUMMARY
-----------------
            Netlist: netlist
          Floorplan: design_1
      Design limits: <entire design considered>
             Max violations: <unlimited>
             Violations found: 2
+-----------+----------+--------------------------+------------+
| Rule      | Severity | Description              | Violations |
+-----------+----------+--------------------------+------------+
| TIMING-23 | Warning  | Combinational loop found | 2          |
+-----------+----------+--------------------------+------------+

2. REPORT DETAILS
-----------------
TIMING-23#1 Warning
Combinational loop found  
A timing loop has been detected on a combinational path. A timing arc has been disabled between disp_control/u4/An_OBUF[3]_inst_i_2/I0 and disp_control/u4/An_OBUF[3]_inst_i_2/O to disable the timing loop
Related violations: <none>

TIMING-23#2 Warning
Combinational loop found  
A timing loop has been detected on a combinational path. A timing arc has been disabled between disp_control/u4/An_OBUF[3]_inst_i_3/I1 and disp_control/u4/An_OBUF[3]_inst_i_3/O to disable the timing loop
Related violations: <none>


