Vivado Simulator 2017.3
Copyright 1986-1999, 2001-2016 Xilinx, Inc. All Rights Reserved.
Running: C:/Xilinx/Vivado/2017.3/bin/unwrapped/win64.o/xelab.exe -wto 816b7b8359564aae8f654f27bf02e57b --incr --debug typical --relax --mt 2 -L xil_defaultlib -L secureip --snapshot Statemachine_Sim_behav xil_defaultlib.Statemachine_Sim -log elaborate.log 
Using 2 slave threads.
Starting static elaboration
Completed static elaboration
Starting simulation data flow analysis
Completed simulation data flow analysis
Time Resolution for simulation is 1ps
Compiling package std.standard
Compiling package std.textio
Compiling package ieee.std_logic_1164
Compiling package ieee.std_logic_arith
Compiling package ieee.std_logic_unsigned
Compiling package ieee.numeric_std
Compiling architecture behavioral of entity xil_defaultlib.Stopwatch_Statemachine [stopwatch_statemachine_default]
Compiling architecture behavioral of entity xil_defaultlib.Binary_Counter [binary_counter_default]
Compiling architecture fum of entity xil_defaultlib.bin2bcd [bin2bcd_default]
Compiling architecture behavioral of entity xil_defaultlib.statemachine_sim
Built simulation snapshot Statemachine_Sim_behav
